\BOOKMARK [1][]{section*.7}{\376\377\144\130\000\040\211\201}{}% 1
\BOOKMARK [1][]{section*.8}{\376\377\000A\000b\000s\000t\000r\000a\000c\000t}{}% 2
\BOOKMARK [1][]{section.1}{\376\377\0001\000\040\146\364\145\260}{}% 3
\BOOKMARK [1][]{section.2}{\376\377\0002\000\040\000T\000O\000D\000O}{}% 4
\BOOKMARK [1][]{section.3}{\376\377\0003\000\040\121\231\127\050\122\115\227\142}{}% 5
\BOOKMARK [2][]{subsection.3.1}{\376\377\0003\000.\0001\000\040\117\177\165\050\145\271\154\325}{section.3}% 6
\BOOKMARK [2][]{subsection.3.2}{\376\377\0003\000.\0002\000\040\177\026\213\321\145\271\137\017}{section.3}% 7
\BOOKMARK [2][]{subsection.3.3}{\376\377\0003\000.\0003\000\040\133\127\117\123}{section.3}% 8
\BOOKMARK [1][]{section.4}{\376\377\0004\000\040\000N\000J\000U\000S\000T\000T\000h\000e\000s\000i\000s\152\041\147\177\116\313\176\315}{}% 9
\BOOKMARK [2][]{subsection.4.1}{\376\377\0004\000.\0001\000\040\150\007\230\230}{section.4}% 10
\BOOKMARK [2][]{subsection.4.2}{\376\377\0004\000.\0002\000\040\134\001\227\142}{section.4}% 11
\BOOKMARK [3][]{subsubsection.4.2.1}{\376\377\0004\000.\0002\000.\0001\000\040\134\001\227\142\117\341\140\157}{subsection.4.2}% 12
\BOOKMARK [2][]{subsection.4.3}{\376\377\0004\000.\0003\000\040\144\130\211\201\124\214\121\163\225\056\213\315}{section.4}% 13
\BOOKMARK [2][]{subsection.4.4}{\376\377\0004\000.\0004\000\040\166\356\137\125}{section.4}% 14
\BOOKMARK [1][]{section.5}{\376\377\0005\000\040\153\143\145\207}{}% 15
\BOOKMARK [2][]{subsection.5.1}{\376\377\0005\000.\0001\000\040\133\127\117\123}{section.5}% 16
\BOOKMARK [2][]{subsection.5.2}{\376\377\0005\000.\0002\000\040\145\160\133\146\121\154\137\017}{section.5}% 17
\BOOKMARK [3][]{subsubsection.5.2.1}{\376\377\0005\000.\0002\000.\0001\000\040\177\026\123\367\121\154\137\017}{subsection.5.2}% 18
\BOOKMARK [3][]{subsubsection.5.2.2}{\376\377\0005\000.\0002\000.\0002\000\040\145\340\177\026\123\367\121\154\137\017}{subsection.5.2}% 19
\BOOKMARK [2][]{subsection.5.3}{\376\377\0005\000.\0003\000\040\126\376\162\107}{section.5}% 20
\BOOKMARK [2][]{subsection.5.4}{\376\377\0005\000.\0004\000\040\210\150\150\074}{section.5}% 21
\BOOKMARK [1][]{section*.13}{\376\377\201\364\000\040\214\042}{}% 22
\BOOKMARK [2][]{subsection.5.5}{\376\377\0005\000.\0005\000\040\123\302\200\003\145\207\163\056}{section*.13}% 23
\BOOKMARK [1][]{lstnumber.-20.5}{\376\377\123\302\200\003\145\207\163\056}{}% 24
\BOOKMARK [1][]{appendix.A}{\376\377\000A\000\040\121\166\116\326\213\276\177\156}{}% 25
\BOOKMARK [2][]{subsection.A.1}{\376\377\000A\000.\0001\000\040\226\104\137\125}{appendix.A}% 26
\BOOKMARK [2][]{subsection.A.2}{\376\377\000A\000.\0002\000\040\116\343\170\001\142\204\137\125}{appendix.A}% 27
\BOOKMARK [2][]{subsection.A.3}{\376\377\000A\000.\0003\000\040\202\202\150\007\230\230\122\006\230\165}{appendix.A}% 28
